<?xml version="1.0" encoding="UTF-8"?>
<!-- Generated by org.testng.reporters.JUnitReportReporter -->
<testsuite hostname="SYAM-DS0F3D813" name="testng.LoginTestTestNG" tests="1" failures="0" timestamp="9 May 2018 10:11:35 GMT" time="19.670" errors="0">
  <testcase name="f" time="19.670" classname="testng.LoginTestTestNG"/>
</testsuite> <!-- testng.LoginTestTestNG -->
