<?xml version="1.0" encoding="UTF-8"?>
<!-- Generated by org.testng.reporters.JUnitReportReporter -->
<testsuite hostname="SYAM-DS0F3D813" name="testng.SecondAnnotationTestNG" tests="2" failures="0" timestamp="10 May 2018 06:39:28 GMT" time="0.000" errors="0">
  <testcase name="f" time="0.000" classname="testng.SecondAnnotationTestNG"/>
  <testcase name="f" time="0.000" classname="testng.SecondAnnotationTestNG"/>
</testsuite> <!-- testng.SecondAnnotationTestNG -->
